[debug] [2022-09-25T09:02:06.515Z] : 
[debug] [2022-09-25T09:02:06.518Z] : ----------------------------------------------------------------------
[debug] [2022-09-25T09:02:06.520Z] : Command:      C:\Program Files\nodejs\node.exe C:\Users\Nice Day\AppData\Roaming\npm\node_modules\zcatalyst-cli\lib\bin\catalyst.js serve
[debug] [2022-09-25T09:02:06.520Z] : CLI Version:  1.13.3
[debug] [2022-09-25T09:02:06.522Z] : Platform:     win32
[debug] [2022-09-25T09:02:06.523Z] : Node Version: v16.16.0
[debug] [2022-09-25T09:02:06.526Z] : Time:         Sun Sep 25 2022 14:32:06 GMT+0530 (India Standard Time)
[debug] [2022-09-25T09:02:06.527Z] : ----------------------------------------------------------------------
[debug] [2022-09-25T09:02:06.528Z] : 
[debug] [2022-09-25T09:02:49.839Z] : > authorizing via signed-in user option
[debug] [2022-09-25T09:02:49.842Z] : > command requires scopes: ["ZohoCatalyst.projects.ALL","ZohoCatalyst.functions.ALL","ZohoCatalyst.functions.EXECUTE","ZohoCatalyst.webapp.ALL"]
[debug] [2022-09-25T09:02:50.651Z] : >>>> HTTP REQUEST : GET https://api.catalyst.zoho.com/baas/v1/project/10174000000017001 

[debug] [2022-09-25T09:02:58.693Z] : <<<< HTTP RESPONSE : 200
Response Headers: {"server":"ZGS","date":"Sun, 25 Sep 2022 09:00:56 GMT","content-type":"application/vnd.catalyst.v2+json","transfer-encoding":"chunked","connection":"close","set-cookie":["46512fd555=bbdfb771565421abbe10f7a180903d28; Path=/","ZD_CSRF_TOKEN=d0f33529-99e4-4d88-b27d-e313537b54ed;path=/;SameSite=None;Secure;priority=high","_zcsr_tmp=d0f33529-99e4-4d88-b27d-e313537b54ed;path=/;SameSite=Strict;Secure;priority=high"],"x-content-type-options":"nosniff","x-xss-protection":"1","pragma":"no-cache","cache-control":"private,no-cache,no-store,max-age=0,must-revalidate","expires":"Thu, 01 Jan 1970 00:00:00 GMT","x-frame-options":"DENY","strict-transport-security":"max-age=63072000"}

[debug] [2022-09-25T09:02:58.708Z] : >>>> HTTP REQUEST : GET https://api.catalyst.zoho.com/baas/v1/project/10174000000017001/environment 

[debug] [2022-09-25T09:02:59.767Z] : <<<< HTTP RESPONSE : 200
Response Headers: {"server":"ZGS","date":"Sun, 25 Sep 2022 09:00:58 GMT","content-type":"application/vnd.catalyst.v2+json","transfer-encoding":"chunked","connection":"close","set-cookie":["46512fd555=ba2a1b22f2a5e14b0d2647f7e38884fc; Path=/","ZD_CSRF_TOKEN=3fc03e9f-69ca-4007-9dec-1f9e7ef6e38a;path=/;SameSite=None;Secure;priority=high","_zcsr_tmp=3fc03e9f-69ca-4007-9dec-1f9e7ef6e38a;path=/;SameSite=Strict;Secure;priority=high"],"x-content-type-options":"nosniff","x-xss-protection":"1","pragma":"no-cache","cache-control":"private,no-cache,no-store,max-age=0,must-revalidate","expires":"Thu, 01 Jan 1970 00:00:00 GMT","x-frame-options":"DENY","strict-transport-security":"max-age=63072000"}

[debug] [2022-09-25T09:03:17.400Z] : >>>> HTTP REQUEST : GET https://api.catalyst.zoho.com/baas/v1/project/10174000000017001/function 
Query params: {"type":"basicio,event,cron,applogic,integration"}

[debug] [2022-09-25T09:03:18.443Z] : <<<< HTTP RESPONSE : 200
Response Headers: {"server":"ZGS","date":"Sun, 25 Sep 2022 09:01:16 GMT","content-type":"application/vnd.catalyst.v2+json","transfer-encoding":"chunked","connection":"close","set-cookie":["46512fd555=bbdfb771565421abbe10f7a180903d28; Path=/","ZD_CSRF_TOKEN=c7d94542-c0f3-4542-9855-80fa1abe850c;path=/;SameSite=None;Secure;priority=high","_zcsr_tmp=c7d94542-c0f3-4542-9855-80fa1abe850c;path=/;SameSite=Strict;Secure;priority=high"],"x-content-type-options":"nosniff","x-xss-protection":"1","pragma":"no-cache","cache-control":"private,no-cache,no-store,max-age=0,must-revalidate","expires":"Thu, 01 Jan 1970 00:00:00 GMT","x-frame-options":"DENY","strict-transport-security":"max-age=63072000"}

[debug] [2022-09-25T09:03:18.525Z] : unknown eol undefined hence skipping check
[info] [2022-09-25T09:03:22.838Z] : i server[zc_function]: URL : http://localhost:3000/server/zc_function/
[info] [2022-09-25T09:03:22.841Z] : 
[info] [2022-09-25T09:03:27.135Z] : i client[MyApp]: URL : http://localhost:3000/app/
[error] [2022-09-25T09:03:59.455Z] : × Unable to serve the requested file: C:\Users\Nice Day\Desktop\zoho catalyst\zc\client\30.png
[debug] [2022-09-25T09:03:59.455Z] : Error: ENOENT: no such file or directory, stat 'C:\Users\Nice Day\Desktop\zoho catalyst\zc\client\30.png'
[error] [2022-09-25T09:18:17.249Z] : × Unable to serve the requested file: C:\Users\Nice Day\Desktop\zoho catalyst\zc\client\30.png
[debug] [2022-09-25T09:18:17.250Z] : Error: ENOENT: no such file or directory, stat 'C:\Users\Nice Day\Desktop\zoho catalyst\zc\client\30.png'
[error] [2022-09-25T09:18:34.616Z] : × Unable to serve the requested file: C:\Users\Nice Day\Desktop\zoho catalyst\zc\client\30.png
[debug] [2022-09-25T09:18:34.617Z] : Error: ENOENT: no such file or directory, stat 'C:\Users\Nice Day\Desktop\zoho catalyst\zc\client\30.png'
[error] [2022-09-25T09:18:40.838Z] : × Unable to serve the requested file: C:\Users\Nice Day\Desktop\zoho catalyst\zc\client\30.png
[debug] [2022-09-25T09:18:40.839Z] : Error: ENOENT: no such file or directory, stat 'C:\Users\Nice Day\Desktop\zoho catalyst\zc\client\30.png'
[error] [2022-09-25T09:18:49.658Z] : × Unable to serve the requested file: C:\Users\Nice Day\Desktop\zoho catalyst\zc\client\30.png
[debug] [2022-09-25T09:18:49.660Z] : Error: ENOENT: no such file or directory, stat 'C:\Users\Nice Day\Desktop\zoho catalyst\zc\client\30.png'
[info] [2022-09-25T09:29:06.748Z] : Change(s) is detected in create.html of the Web-Client.
[debug] [2022-09-25T09:35:35.162Z] : > refreshing access token <
[debug] [2022-09-25T09:35:38.887Z] : >>>> HTTP REQUEST : POST https://accounts.zoho.com/oauth/v2/token 
<request body omitted>

[warn] [2022-09-25T09:35:55.223Z] : ‼ ENOTFOUND has occured while communicating remote server. Kindly be patient while the cli retries this request.
[debug] [2022-09-25T09:35:55.290Z] : API Error while firing request : getaddrinfo ENOTFOUND accounts.zoho.com

[debug] [2022-09-25T09:35:55.290Z] : >>>> RETRYING

[warn] [2022-09-25T09:35:56.258Z] : ‼ ENOTFOUND has occured while communicating remote server. Kindly be patient while the cli retries this request.
[debug] [2022-09-25T09:35:56.259Z] : API Error while firing request : getaddrinfo ENOTFOUND accounts.zoho.com

[debug] [2022-09-25T09:35:56.259Z] : >>>> RETRYING

[warn] [2022-09-25T09:35:56.315Z] : ‼ ENOTFOUND has occured while communicating remote server. Kindly be patient while the cli retries this request.
[debug] [2022-09-25T09:35:56.316Z] : API Error while firing request : getaddrinfo ENOTFOUND accounts.zoho.com

[debug] [2022-09-25T09:35:56.316Z] : >>>> RETRYING

[warn] [2022-09-25T09:35:56.451Z] : ‼ ENOTFOUND has occured while communicating remote server. Kindly be patient while the cli retries this request.
[error] [2022-09-25T09:35:58.629Z] : × API Error after retrying : getaddrinfo ENOTFOUND accounts.zoho.com
[debug] [2022-09-25T09:35:58.634Z] : Error Stack: CatalystError: API Error after retrying : getaddrinfo ENOTFOUND accounts.zoho.com
    at API.<anonymous> (C:\Users\Nice Day\AppData\Roaming\npm\node_modules\zcatalyst-cli\lib\internal\api.js:140:23)
    at Generator.next (<anonymous>)
    at C:\Users\Nice Day\AppData\Roaming\npm\node_modules\zcatalyst-cli\lib\internal\api.js:31:71
    at new Promise (<anonymous>)
    at __awaiter (C:\Users\Nice Day\AppData\Roaming\npm\node_modules\zcatalyst-cli\lib\internal\api.js:27:12)
    at API._retry (C:\Users\Nice Day\AppData\Roaming\npm\node_modules\zcatalyst-cli\lib\internal\api.js:138:16)
    at API.<anonymous> (C:\Users\Nice Day\AppData\Roaming\npm\node_modules\zcatalyst-cli\lib\internal\api.js:167:56)
    at Generator.next (<anonymous>)
    at C:\Users\Nice Day\AppData\Roaming\npm\node_modules\zcatalyst-cli\lib\internal\api.js:31:71
    at new Promise (<anonymous>)
[debug] [2022-09-25T09:35:58.635Z] : Original Error: Error: getaddrinfo ENOTFOUND accounts.zoho.com
    at GetAddrInfoReqWrap.onlookup [as oncomplete] (node:dns:71:26)
[debug] [2022-09-25T09:35:58.635Z] : Error Status: 500
[info] [2022-09-25T09:35:58.641Z] : Kindly contact Catalyst support [support@zohocatalyst.com] if you need any further assistance
[error] [2022-09-25T09:35:58.643Z] : × API Error: getaddrinfo ENOTFOUND accounts.zoho.com
[debug] [2022-09-25T09:35:58.644Z] : Error Stack: CatalystError: API Error: getaddrinfo ENOTFOUND accounts.zoho.com
    at API.<anonymous> (C:\Users\Nice Day\AppData\Roaming\npm\node_modules\zcatalyst-cli\lib\internal\api.js:176:32)
    at Generator.throw (<anonymous>)
    at rejected (C:\Users\Nice Day\AppData\Roaming\npm\node_modules\zcatalyst-cli\lib\internal\api.js:29:65)
    at runMicrotasks (<anonymous>)
    at processTicksAndRejections (node:internal/process/task_queues:96:5)
[debug] [2022-09-25T09:35:58.644Z] : Original Error: Error: getaddrinfo ENOTFOUND accounts.zoho.com
    at GetAddrInfoReqWrap.onlookup [as oncomplete] (node:dns:71:26)
[debug] [2022-09-25T09:35:58.644Z] : Error Status: 500
[info] [2022-09-25T09:35:58.645Z] : Kindly contact Catalyst support [support@zohocatalyst.com] if you need any further assistance
[error] [2022-09-25T09:35:58.646Z] : × API Error: getaddrinfo ENOTFOUND accounts.zoho.com
[debug] [2022-09-25T09:35:58.648Z] : Error Stack: CatalystError: API Error: getaddrinfo ENOTFOUND accounts.zoho.com
    at API.<anonymous> (C:\Users\Nice Day\AppData\Roaming\npm\node_modules\zcatalyst-cli\lib\internal\api.js:176:32)
    at Generator.throw (<anonymous>)
    at rejected (C:\Users\Nice Day\AppData\Roaming\npm\node_modules\zcatalyst-cli\lib\internal\api.js:29:65)
    at runMicrotasks (<anonymous>)
    at processTicksAndRejections (node:internal/process/task_queues:96:5)
[debug] [2022-09-25T09:35:58.649Z] : Original Error: Error: getaddrinfo ENOTFOUND accounts.zoho.com
    at GetAddrInfoReqWrap.onlookup [as oncomplete] (node:dns:71:26)
[debug] [2022-09-25T09:35:58.649Z] : Error Status: 500
[info] [2022-09-25T09:35:58.650Z] : Kindly contact Catalyst support [support@zohocatalyst.com] if you need any further assistance
[error] [2022-09-25T09:35:58.652Z] : × Error when refreshing the access token
[debug] [2022-09-25T09:35:58.652Z] : Error Stack: CatalystError: Error when refreshing the access token
    at C:\Users\Nice Day\AppData\Roaming\npm\node_modules\zcatalyst-cli\lib\internal\credential.js:139:23
    at runMicrotasks (<anonymous>)
    at processTicksAndRejections (node:internal/process/task_queues:96:5)
[debug] [2022-09-25T09:35:58.653Z] : Original Error: CatalystError: API Error after retrying : getaddrinfo ENOTFOUND accounts.zoho.com
    at API.<anonymous> (C:\Users\Nice Day\AppData\Roaming\npm\node_modules\zcatalyst-cli\lib\internal\api.js:140:23)
    at Generator.next (<anonymous>)
    at C:\Users\Nice Day\AppData\Roaming\npm\node_modules\zcatalyst-cli\lib\internal\api.js:31:71
    at new Promise (<anonymous>)
    at __awaiter (C:\Users\Nice Day\AppData\Roaming\npm\node_modules\zcatalyst-cli\lib\internal\api.js:27:12)
    at API._retry (C:\Users\Nice Day\AppData\Roaming\npm\node_modules\zcatalyst-cli\lib\internal\api.js:138:16)
    at API.<anonymous> (C:\Users\Nice Day\AppData\Roaming\npm\node_modules\zcatalyst-cli\lib\internal\api.js:167:56)
    at Generator.next (<anonymous>)
    at C:\Users\Nice Day\AppData\Roaming\npm\node_modules\zcatalyst-cli\lib\internal\api.js:31:71
    at new Promise (<anonymous>)
[debug] [2022-09-25T09:35:58.653Z] : Error Status: 500
[info] [2022-09-25T09:35:58.654Z] : Kindly contact Catalyst support [support@zohocatalyst.com] if you need any further assistance
[error] [2022-09-25T09:35:58.656Z] : × An unexpected error has occurred.
[debug] [2022-09-25T09:35:58.657Z] : Error Stack: CatalystError: An unexpected error has occurred.
    at exports.default (C:\Users\Nice Day\AppData\Roaming\npm\node_modules\zcatalyst-cli\lib\errorOut.js:12:17)
    at process.<anonymous> (C:\Users\Nice Day\AppData\Roaming\npm\node_modules\zcatalyst-cli\lib\bin\catalyst.js:90:28)
    at process.emit (node:events:527:28)
    at emit (node:internal/process/promises:140:20)
    at processPromiseRejections (node:internal/process/promises:274:27)
    at processTicksAndRejections (node:internal/process/task_queues:97:32)
[debug] [2022-09-25T09:35:58.657Z] : Original Error: Error: CatalystError: Error when refreshing the access token
    at C:\Users\Nice Day\AppData\Roaming\npm\node_modules\zcatalyst-cli\lib\internal\credential.js:139:23
    at runMicrotasks (<anonymous>)
    at processTicksAndRejections (node:internal/process/task_queues:96:5) {
  status: 500,
  exit: 2,
  original: CatalystError: API Error after retrying : getaddrinfo ENOTFOUND accounts.zoho.com
      at API.<anonymous> (C:\Users\Nice Day\AppData\Roaming\npm\node_modules\zcatalyst-cli\lib\internal\api.js:140:23)
      at Generator.next (<anonymous>)
      at C:\Users\Nice Day\AppData\Roaming\npm\node_modules\zcatalyst-cli\lib\internal\api.js:31:71
      at new Promise (<anonymous>)
      at __awaiter (C:\Users\Nice Day\AppData\Roaming\npm\node_modules\zcatalyst-cli\lib\internal\api.js:27:12)
      at API._retry (C:\Users\Nice Day\AppData\Roaming\npm\node_modules\zcatalyst-cli\lib\internal\api.js:138:16)
      at API.<anonymous> (C:\Users\Nice Day\AppData\Roaming\npm\node_modules\zcatalyst-cli\lib\internal\api.js:167:56)
      at Generator.next (<anonymous>)
      at C:\Users\Nice Day\AppData\Roaming\npm\node_modules\zcatalyst-cli\lib\internal\api.js:31:71
      at new Promise (<anonymous>) {
    status: 500,
    exit: 2,
    original: Error: getaddrinfo ENOTFOUND accounts.zoho.com
        at GetAddrInfoReqWrap.onlookup [as oncomplete] (node:dns:71:26) {
      errno: -3008,
      code: 'ENOTFOUND',
      syscall: 'getaddrinfo',
      hostname: 'accounts.zoho.com'
    },
    context: undefined,
    errorId: undefined,
    arg: undefined,
    skipHelp: false,
    fileName: 'C:\\Users\\Nice Day\\AppData\\Roaming\\npm\\node_modules\\zcatalyst-cli\\lib\\internal\\api'
  },
  context: undefined,
  errorId: undefined,
  arg: undefined,
  skipHelp: false,
  fileName: 'C:\\Users\\Nice Day\\AppData\\Roaming\\npm\\node_modules\\zcatalyst-cli\\lib\\internal\\credential'
}
    at exports.default (C:\Users\Nice Day\AppData\Roaming\npm\node_modules\zcatalyst-cli\lib\errorOut.js:14:23)
    at process.<anonymous> (C:\Users\Nice Day\AppData\Roaming\npm\node_modules\zcatalyst-cli\lib\bin\catalyst.js:90:28)
    at process.emit (node:events:527:28)
    at emit (node:internal/process/promises:140:20)
    at processPromiseRejections (node:internal/process/promises:274:27)
    at processTicksAndRejections (node:internal/process/task_queues:97:32)
[debug] [2022-09-25T09:35:58.657Z] : Error Status: 500
[info] [2022-09-25T09:35:58.658Z] : Kindly contact Catalyst support [support@zohocatalyst.com] if you need any further assistance
[debug] [2022-09-25T09:55:01.211Z] : > refreshing access token <
[debug] [2022-09-25T09:55:01.648Z] : >>>> HTTP REQUEST : POST https://accounts.zoho.com/oauth/v2/token 
<request body omitted>

[debug] [2022-09-25T09:55:06.633Z] : <<<< HTTP RESPONSE : 200
Response Headers: {"server":"ZGS","date":"Sun, 25 Sep 2022 09:53:04 GMT","content-type":"application/json;charset=UTF-8","content-length":"169","connection":"close","set-cookie":["b266a5bf57=57c7a14afabcac9a0b9dfc64b3542b70; Path=/","iamcsr=ef4bcba8-1bc0-4818-ad67-8e6625cfb248;path=/;SameSite=None;Secure;priority=high","_zcsr_tmp=ef4bcba8-1bc0-4818-ad67-8e6625cfb248;path=/;SameSite=Strict;Secure;priority=high"],"x-content-type-options":"nosniff","x-xss-protection":"1","x-frame-options":"SAMEORIGIN","content-language":"en-US","strict-transport-security":"max-age=63072000"}

[info] [2022-09-25T10:30:04.695Z] : Change(s) is detected in create.html of the Web-Client.
[info] [2022-09-25T10:30:38.640Z] : Change(s) is detected in create.html of the Web-Client.
[info] [2022-09-25T10:32:41.025Z] : Change(s) is detected in create.html of the Web-Client.
[info] [2022-09-25T10:32:41.910Z] : Change(s) is detected in create.html of the Web-Client.
[info] [2022-09-25T10:34:12.334Z] : Change(s) is detected in create.html of the Web-Client.
[info] [2022-09-25T10:36:26.680Z] : Change(s) is detected in create.html of the Web-Client.
[info] [2022-09-25T10:37:27.977Z] : Change(s) is detected in create.html of the Web-Client.
[info] [2022-09-25T10:39:03.660Z] : Change(s) is detected in create.html of the Web-Client.
[info] [2022-09-25T10:42:55.845Z] : Change(s) is detected in create.html of the Web-Client.
[info] [2022-09-25T10:44:09.190Z] : Change(s) is detected in create.html of the Web-Client.
[info] [2022-09-25T10:45:12.767Z] : Change(s) is detected in create.html of the Web-Client.
[info] [2022-09-25T10:45:59.762Z] : Change(s) is detected in create.html of the Web-Client.
[debug] [2022-09-25T11:22:01.323Z] : > refreshing access token <
[debug] [2022-09-25T11:22:03.335Z] : >>>> HTTP REQUEST : POST https://accounts.zoho.com/oauth/v2/token 
<request body omitted>

[debug] [2022-09-25T11:22:05.072Z] : <<<< HTTP RESPONSE : 200
Response Headers: {"server":"ZGS","date":"Sun, 25 Sep 2022 11:20:03 GMT","content-type":"application/json;charset=UTF-8","content-length":"169","connection":"close","set-cookie":["b266a5bf57=dcb92d0f99dd7421201f8dc746d54606; Path=/","iamcsr=cd85664f-7144-4092-8f41-d4119619f55f;path=/;SameSite=None;Secure;priority=high","_zcsr_tmp=cd85664f-7144-4092-8f41-d4119619f55f;path=/;SameSite=Strict;Secure;priority=high"],"x-content-type-options":"nosniff","x-xss-protection":"1","x-frame-options":"SAMEORIGIN","content-language":"en-US","strict-transport-security":"max-age=63072000"}

[info] [2022-09-25T11:22:53.466Z] : Change(s) is detected in signup.html of the Web-Client.
[info] [2022-09-25T11:22:53.908Z] : Change(s) is detected in signup.html of the Web-Client.
[info] [2022-09-25T11:56:56.786Z] : Change(s) is detected in login.html of the Web-Client.
[error] [2022-09-25T11:58:26.550Z] : × Unable to serve the requested file: C:\Users\Nice Day\Desktop\zoho catalyst\zc\client\30.png
[debug] [2022-09-25T11:58:26.822Z] : Error: ENOENT: no such file or directory, stat 'C:\Users\Nice Day\Desktop\zoho catalyst\zc\client\30.png'
[info] [2022-09-25T12:00:15.020Z] : Change(s) is detected in login.html of the Web-Client.
[info] [2022-09-25T12:02:04.641Z] : 
change of index.js in zc_function detected. Preparing your function, please wait...
[info] [2022-09-25T12:02:09.210Z] : i server[zc_function]: URL : http://localhost:3000/server/zc_function/
[info] [2022-09-25T12:02:09.212Z] : 
[info] [2022-09-25T12:02:09.320Z] : i server[zc_function]: ready!
[info] [2022-09-25T12:02:28.754Z] : 
change of index.js in zc_function detected. Preparing your function, please wait...
[info] [2022-09-25T12:02:29.050Z] : i server[zc_function]: URL : http://localhost:3000/server/zc_function/
[info] [2022-09-25T12:02:29.051Z] : 
[info] [2022-09-25T12:02:29.207Z] : i server[zc_function]: ready!
[info] [2022-09-25T12:08:07.938Z] : 
change of index.js in zc_function detected. Preparing your function, please wait...
[info] [2022-09-25T12:08:08.228Z] : i server[zc_function]: URL : http://localhost:3000/server/zc_function/
[info] [2022-09-25T12:08:08.228Z] : 
[debug] [2022-09-25T12:08:09.415Z] : Connection reset from target URL :  Url {
  protocol: 'http:',
  slashes: true,
  auth: null,
  host: '127.0.0.1:3010',
  port: '3010',
  hostname: '127.0.0.1',
  hash: null,
  search: null,
  query: null,
  pathname: '/',
  path: '/',
  href: 'http://127.0.0.1:3010/'
}
[info] [2022-09-25T12:08:10.210Z] : i server[zc_function]: ready!
[info] [2022-09-25T12:08:11.226Z] : 
change of index.js in zc_function detected. Preparing your function, please wait...
[info] [2022-09-25T12:08:11.305Z] : i server[zc_function]: URL : http://localhost:3000/server/zc_function/
[info] [2022-09-25T12:08:11.306Z] : 
[info] [2022-09-25T12:08:11.416Z] : i server[zc_function]: ready!
[info] [2022-09-25T12:08:32.101Z] : 
change of index.js in zc_function detected. Preparing your function, please wait...
[info] [2022-09-25T12:08:32.241Z] : i server[zc_function]: URL : http://localhost:3000/server/zc_function/
[info] [2022-09-25T12:08:32.245Z] : 
[info] [2022-09-25T12:08:32.375Z] : i server[zc_function]: ready!
[debug] [2022-09-25T12:27:05.599Z] : > refreshing access token <
[debug] [2022-09-25T12:27:05.899Z] : >>>> HTTP REQUEST : POST https://accounts.zoho.com/oauth/v2/token 
<request body omitted>

[debug] [2022-09-25T12:27:07.772Z] : <<<< HTTP RESPONSE : 200
Response Headers: {"server":"ZGS","date":"Sun, 25 Sep 2022 12:25:06 GMT","content-type":"application/json;charset=UTF-8","content-length":"169","connection":"close","set-cookie":["b266a5bf57=a711b6da0e6cbadb5e254290f114a026; Path=/","iamcsr=3d96939d-8087-4114-baf9-fad09766b2a9;path=/;SameSite=None;Secure;priority=high","_zcsr_tmp=3d96939d-8087-4114-baf9-fad09766b2a9;path=/;SameSite=Strict;Secure;priority=high"],"x-content-type-options":"nosniff","x-xss-protection":"1","x-frame-options":"SAMEORIGIN","content-language":"en-US","strict-transport-security":"max-age=63072000"}

[info] [2022-09-25T12:27:50.761Z] : Change(s) is detected in index.html of the Web-Client.
[error] [2022-09-25T12:28:30.301Z] : × Unable to serve the requested file: C:\Users\Nice Day\Desktop\zoho catalyst\zc\client\30.png
[debug] [2022-09-25T12:28:30.301Z] : Error: ENOENT: no such file or directory, stat 'C:\Users\Nice Day\Desktop\zoho catalyst\zc\client\30.png'
[error] [2022-09-25T12:31:40.048Z] : × Unable to serve the requested file: C:\Users\Nice Day\Desktop\zoho catalyst\zc\client\30.png
[debug] [2022-09-25T12:31:40.049Z] : Error: ENOENT: no such file or directory, stat 'C:\Users\Nice Day\Desktop\zoho catalyst\zc\client\30.png'
[error] [2022-09-25T12:31:43.038Z] : × Unable to serve the requested file: C:\Users\Nice Day\Desktop\zoho catalyst\zc\client\30.png
[debug] [2022-09-25T12:31:43.039Z] : Error: ENOENT: no such file or directory, stat 'C:\Users\Nice Day\Desktop\zoho catalyst\zc\client\30.png'
[error] [2022-09-25T12:32:09.435Z] : × Unable to serve the requested file: C:\Users\Nice Day\Desktop\zoho catalyst\zc\client\30.png
[debug] [2022-09-25T12:32:09.436Z] : Error: ENOENT: no such file or directory, stat 'C:\Users\Nice Day\Desktop\zoho catalyst\zc\client\30.png'
[info] [2022-09-25T12:37:05.159Z] : Change(s) is detected in create.html of the Web-Client.
[info] [2022-09-25T12:39:11.253Z] : 
change of index.js in zc_function detected. Preparing your function, please wait...
[info] [2022-09-25T12:39:11.531Z] : i server[zc_function]: URL : http://localhost:3000/server/zc_function/
[info] [2022-09-25T12:39:11.532Z] : 
[info] [2022-09-25T12:39:11.639Z] : i server[zc_function]: ready!
[info] [2022-09-25T12:39:23.191Z] : 
change of index.js in zc_function detected. Preparing your function, please wait...
[info] [2022-09-25T12:39:23.239Z] : i server[zc_function]: URL : http://localhost:3000/server/zc_function/
[info] [2022-09-25T12:39:23.240Z] : 
[info] [2022-09-25T12:39:23.357Z] : i server[zc_function]: ready!
[info] [2022-09-25T12:39:35.914Z] : Change(s) is detected in create.html of the Web-Client.
[info] [2022-09-25T12:40:21.927Z] : 
change of index.js in zc_function detected. Preparing your function, please wait...
[info] [2022-09-25T12:40:22.035Z] : i server[zc_function]: URL : http://localhost:3000/server/zc_function/
[info] [2022-09-25T12:40:22.035Z] : 
[info] [2022-09-25T12:40:22.140Z] : i server[zc_function]: ready!
[info] [2022-09-25T12:46:15.511Z] : Change(s) is detected in create.html of the Web-Client.
[info] [2022-09-25T12:47:35.498Z] : Change(s) is detected in create.html of the Web-Client.
[info] [2022-09-25T12:49:16.500Z] : Change(s) is detected in create.html of the Web-Client.
[info] [2022-09-25T12:49:43.657Z] : Change(s) is detected in create.html of the Web-Client.
[info] [2022-09-25T12:50:04.290Z] : Change(s) is detected in create.html of the Web-Client.
[info] [2022-09-25T12:50:53.316Z] : Change(s) is detected in create.html of the Web-Client.
[info] [2022-09-25T12:50:54.186Z] : Change(s) is detected in create.html of the Web-Client.
[info] [2022-09-25T12:52:27.231Z] : Change(s) is detected in create.html of the Web-Client.
[info] [2022-09-25T12:52:57.829Z] : Change(s) is detected in create.html of the Web-Client.
[info] [2022-09-25T12:54:01.237Z] : Change(s) is detected in create.html of the Web-Client.
[info] [2022-09-25T12:54:01.291Z] : Change(s) is detected in create.html of the Web-Client.
[info] [2022-09-25T12:56:27.043Z] : Change(s) is detected in create.html of the Web-Client.
[info] [2022-09-25T12:57:46.498Z] : Change(s) is detected in create.html of the Web-Client.
[info] [2022-09-25T12:57:46.717Z] : Change(s) is detected in create.html of the Web-Client.
[info] [2022-09-25T13:02:00.394Z] : Change(s) is detected in create.html of the Web-Client.
[info] [2022-09-25T13:08:05.020Z] : Change(s) is detected in create.html of the Web-Client.
[info] [2022-09-25T13:08:05.305Z] : Change(s) is detected in create.html of the Web-Client.
[info] [2022-09-25T13:08:45.860Z] : Change(s) is detected in create.html of the Web-Client.
[info] [2022-09-25T13:09:27.626Z] : Change(s) is detected in create.html of the Web-Client.
[error] [2022-09-25T13:09:34.847Z] : × Unable to serve the requested file: C:\Users\Nice Day\Desktop\zoho catalyst\zc\client\30.png
[debug] [2022-09-25T13:09:34.925Z] : Error: ENOENT: no such file or directory, stat 'C:\Users\Nice Day\Desktop\zoho catalyst\zc\client\30.png'
[error] [2022-09-25T13:10:36.809Z] : × Unable to serve the requested file: C:\Users\Nice Day\Desktop\zoho catalyst\zc\client\30.png
[debug] [2022-09-25T13:10:36.810Z] : Error: ENOENT: no such file or directory, stat 'C:\Users\Nice Day\Desktop\zoho catalyst\zc\client\30.png'
[error] [2022-09-25T13:10:49.406Z] : × Unable to serve the requested file: C:\Users\Nice Day\Desktop\zoho catalyst\zc\client\30.png
[debug] [2022-09-25T13:10:49.407Z] : Error: ENOENT: no such file or directory, stat 'C:\Users\Nice Day\Desktop\zoho catalyst\zc\client\30.png'
[error] [2022-09-25T13:11:37.378Z] : × Unable to serve the requested file: C:\Users\Nice Day\Desktop\zoho catalyst\zc\client\30.png
[debug] [2022-09-25T13:11:37.379Z] : Error: ENOENT: no such file or directory, stat 'C:\Users\Nice Day\Desktop\zoho catalyst\zc\client\30.png'
[error] [2022-09-25T13:11:40.565Z] : × Unable to serve the requested file: C:\Users\Nice Day\Desktop\zoho catalyst\zc\client\30.png
[debug] [2022-09-25T13:11:40.588Z] : Error: ENOENT: no such file or directory, stat 'C:\Users\Nice Day\Desktop\zoho catalyst\zc\client\30.png'
[error] [2022-09-25T13:11:42.833Z] : × Unable to serve the requested file: C:\Users\Nice Day\Desktop\zoho catalyst\zc\client\30.png
[debug] [2022-09-25T13:11:42.834Z] : Error: ENOENT: no such file or directory, stat 'C:\Users\Nice Day\Desktop\zoho catalyst\zc\client\30.png'
[info] [2022-09-25T13:15:40.684Z] : Addition of file(s) is detected in project.html of the Web-Client.
[info] [2022-09-25T13:15:40.915Z] : Change(s) is detected in project.html of the Web-Client.
[info] [2022-09-25T13:16:07.210Z] : Change(s) is detected in create.html of the Web-Client.
[info] [2022-09-25T13:17:48.106Z] : Change(s) is detected in project.html of the Web-Client.
[info] [2022-09-25T13:18:30.275Z] : Change(s) is detected in project.html of the Web-Client.
[info] [2022-09-25T13:19:37.277Z] : Change(s) is detected in project.html of the Web-Client.
[info] [2022-09-25T13:23:53.130Z] : Change(s) is detected in project.html of the Web-Client.
[info] [2022-09-25T13:29:26.701Z] : Change(s) is detected in project.html of the Web-Client.
[info] [2022-09-25T13:29:33.305Z] : Change(s) is detected in project.html of the Web-Client.
[debug] [2022-09-25T13:29:45.830Z] : > refreshing access token <
[debug] [2022-09-25T13:29:46.263Z] : >>>> HTTP REQUEST : POST https://accounts.zoho.com/oauth/v2/token 
<request body omitted>

[debug] [2022-09-25T13:29:47.827Z] : <<<< HTTP RESPONSE : 200
Response Headers: {"server":"ZGS","date":"Sun, 25 Sep 2022 13:27:46 GMT","content-type":"application/json;charset=UTF-8","content-length":"169","connection":"close","set-cookie":["b266a5bf57=57c7a14afabcac9a0b9dfc64b3542b70; Path=/","iamcsr=9f63cb6f-8bce-48f6-9259-7612020b91a1;path=/;SameSite=None;Secure;priority=high","_zcsr_tmp=9f63cb6f-8bce-48f6-9259-7612020b91a1;path=/;SameSite=Strict;Secure;priority=high"],"x-content-type-options":"nosniff","x-xss-protection":"1","x-frame-options":"SAMEORIGIN","content-language":"en-US","strict-transport-security":"max-age=63072000"}

[info] [2022-09-25T13:30:38.324Z] : Change(s) is detected in project.html of the Web-Client.
[info] [2022-09-25T13:36:29.831Z] : Addition of file(s) is detected in capitallettert_122013.png of the Web-Client.
[info] [2022-09-25T13:36:45.761Z] : Deletion of file(s) is detected in capitallettert_122013.png of the Web-Client.
[info] [2022-09-25T13:36:45.802Z] : Addition of file(s) is detected in image\capitallettert_122013.png of the Web-Client.
[info] [2022-09-25T13:36:56.772Z] : Addition of file(s) is detected in image\pro.png of the Web-Client.
[info] [2022-09-25T13:36:56.870Z] : Deletion of file(s) is detected in image\capitallettert_122013.png of the Web-Client.
[info] [2022-09-25T13:37:21.862Z] : Change(s) is detected in project.html of the Web-Client.
[info] [2022-09-25T13:37:38.181Z] : Change(s) is detected in project.html of the Web-Client.
[info] [2022-09-25T13:41:12.120Z] : Deletion of file(s) is detected in image\pro.png of the Web-Client.
[info] [2022-09-25T13:41:23.941Z] : Addition of file(s) is detected in image\t-white-alphabet-letter-black-circle-company-business-logo-icon-design-corporate-vector.jpg of the Web-Client.
[info] [2022-09-25T13:41:52.703Z] : Addition of file(s) is detected in image\pro.jpg of the Web-Client.
[info] [2022-09-25T13:41:52.787Z] : Deletion of file(s) is detected in image\t-white-alphabet-letter-black-circle-company-business-logo-icon-design-corporate-vector.jpg of the Web-Client.
[error] [2022-09-25T13:42:05.413Z] : × Unable to serve the requested file: C:\Users\Nice Day\Desktop\zoho catalyst\zc\client\image\pro.png
[debug] [2022-09-25T13:42:05.414Z] : Error: ENOENT: no such file or directory, stat 'C:\Users\Nice Day\Desktop\zoho catalyst\zc\client\image\pro.png'
[info] [2022-09-25T13:42:19.360Z] : Change(s) is detected in project.html of the Web-Client.
[info] [2022-09-25T13:42:32.798Z] : Change(s) is detected in project.html of the Web-Client.
[info] [2022-09-25T13:42:34.900Z] : Change(s) is detected in project.html of the Web-Client.
[info] [2022-09-25T13:47:54.513Z] : Change(s) is detected in project.html of the Web-Client.
[info] [2022-09-25T13:50:53.958Z] : Change(s) is detected in project.html of the Web-Client.
[info] [2022-09-25T13:55:01.636Z] : Change(s) is detected in project.html of the Web-Client.
[info] [2022-09-25T13:56:39.619Z] : Change(s) is detected in project.html of the Web-Client.
[info] [2022-09-25T13:56:58.576Z] : Change(s) is detected in project.html of the Web-Client.
[info] [2022-09-25T13:59:22.329Z] : Change(s) is detected in project.html of the Web-Client.
[info] [2022-09-25T13:59:51.258Z] : Change(s) is detected in project.html of the Web-Client.
[info] [2022-09-25T14:01:21.070Z] : Change(s) is detected in project.html of the Web-Client.
[info] [2022-09-25T14:02:06.765Z] : Change(s) is detected in project.html of the Web-Client.
[info] [2022-09-25T14:02:27.837Z] : Change(s) is detected in project.html of the Web-Client.
[info] [2022-09-25T14:04:48.814Z] : Change(s) is detected in project.html of the Web-Client.
[info] [2022-09-25T14:04:48.918Z] : Change(s) is detected in project.html of the Web-Client.
[info] [2022-09-25T14:04:58.432Z] : Change(s) is detected in project.html of the Web-Client.
[info] [2022-09-25T14:07:31.559Z] : Change(s) is detected in project.html of the Web-Client.
[info] [2022-09-25T14:13:01.060Z] : Change(s) is detected in project.html of the Web-Client.
[info] [2022-09-25T14:17:21.565Z] : Change(s) is detected in project.html of the Web-Client.
[info] [2022-09-25T14:17:38.683Z] : Change(s) is detected in project.html of the Web-Client.
[info] [2022-09-25T14:19:47.295Z] : Change(s) is detected in project.html of the Web-Client.
[info] [2022-09-25T14:20:28.607Z] : Change(s) is detected in project.html of the Web-Client.
[info] [2022-09-25T14:20:38.979Z] : Change(s) is detected in project.html of the Web-Client.
[info] [2022-09-25T14:21:32.500Z] : Change(s) is detected in project.html of the Web-Client.
[info] [2022-09-25T14:21:53.784Z] : Change(s) is detected in project.html of the Web-Client.
[info] [2022-09-25T14:22:20.171Z] : Change(s) is detected in project.html of the Web-Client.
[info] [2022-09-25T14:22:29.085Z] : Change(s) is detected in project.html of the Web-Client.
[info] [2022-09-25T14:27:43.720Z] : Addition of file(s) is detected in image\icons8-download-64.png of the Web-Client.
[info] [2022-09-25T14:27:43.809Z] : Change(s) is detected in image\icons8-download-64.png of the Web-Client.
[info] [2022-09-25T14:27:55.885Z] : Addition of file(s) is detected in image\down.png of the Web-Client.
[info] [2022-09-25T14:27:55.956Z] : Deletion of file(s) is detected in image\icons8-download-64.png of the Web-Client.
[info] [2022-09-25T14:28:27.264Z] : Change(s) is detected in project.html of the Web-Client.
[info] [2022-09-25T14:28:27.662Z] : Change(s) is detected in project.html of the Web-Client.
[info] [2022-09-25T14:28:59.902Z] : Change(s) is detected in project.html of the Web-Client.
[info] [2022-09-25T14:29:08.862Z] : Change(s) is detected in project.html of the Web-Client.
[info] [2022-09-25T14:29:16.027Z] : Change(s) is detected in project.html of the Web-Client.
[info] [2022-09-25T14:29:24.658Z] : Change(s) is detected in project.html of the Web-Client.
[info] [2022-09-25T14:29:46.647Z] : Change(s) is detected in project.html of the Web-Client.
[debug] [2022-09-25T14:29:48.981Z] : > refreshing access token <
[debug] [2022-09-25T14:29:49.348Z] : >>>> HTTP REQUEST : POST https://accounts.zoho.com/oauth/v2/token 
<request body omitted>

[debug] [2022-09-25T14:29:50.878Z] : <<<< HTTP RESPONSE : 200
Response Headers: {"server":"ZGS","date":"Sun, 25 Sep 2022 14:27:49 GMT","content-type":"application/json;charset=UTF-8","content-length":"169","connection":"close","set-cookie":["b266a5bf57=57c7a14afabcac9a0b9dfc64b3542b70; Path=/","iamcsr=43204a94-88a8-4f63-af70-f2a7fe10379d;path=/;SameSite=None;Secure;priority=high","_zcsr_tmp=43204a94-88a8-4f63-af70-f2a7fe10379d;path=/;SameSite=Strict;Secure;priority=high"],"x-content-type-options":"nosniff","x-xss-protection":"1","x-frame-options":"SAMEORIGIN","content-language":"en-US","strict-transport-security":"max-age=63072000"}

[info] [2022-09-25T14:30:14.365Z] : Change(s) is detected in project.html of the Web-Client.
[info] [2022-09-25T14:30:20.608Z] : Change(s) is detected in project.html of the Web-Client.
[info] [2022-09-25T14:30:20.667Z] : Change(s) is detected in project.html of the Web-Client.
[info] [2022-09-25T14:30:30.205Z] : Change(s) is detected in project.html of the Web-Client.
[info] [2022-09-25T14:30:37.709Z] : Change(s) is detected in project.html of the Web-Client.
[info] [2022-09-25T14:30:46.167Z] : Change(s) is detected in project.html of the Web-Client.
[info] [2022-09-25T14:31:08.272Z] : Change(s) is detected in project.html of the Web-Client.
[info] [2022-09-25T14:31:21.293Z] : Change(s) is detected in project.html of the Web-Client.
[info] [2022-09-25T14:31:32.278Z] : Change(s) is detected in project.html of the Web-Client.
[info] [2022-09-25T14:31:39.144Z] : Change(s) is detected in project.html of the Web-Client.
[info] [2022-09-25T14:31:51.680Z] : Change(s) is detected in project.html of the Web-Client.
[info] [2022-09-25T14:32:19.607Z] : Change(s) is detected in project.html of the Web-Client.
[info] [2022-09-25T14:32:19.722Z] : Change(s) is detected in project.html of the Web-Client.
[info] [2022-09-25T14:33:03.705Z] : Change(s) is detected in project.html of the Web-Client.
[info] [2022-09-25T14:34:36.520Z] : Change(s) is detected in project.html of the Web-Client.
[debug] [2022-09-25T14:51:38.674Z] : 
[debug] [2022-09-25T14:51:38.754Z] : ----------------------------------------------------------------------
[debug] [2022-09-25T14:51:38.771Z] : Command:      C:\Program Files\nodejs\node.exe C:\Users\Nice Day\AppData\Roaming\npm\node_modules\zcatalyst-cli\lib\bin\catalyst.js serve
[debug] [2022-09-25T14:51:38.772Z] : CLI Version:  1.13.3
[debug] [2022-09-25T14:51:38.774Z] : Platform:     win32
[debug] [2022-09-25T14:51:38.777Z] : Node Version: v16.16.0
[debug] [2022-09-25T14:51:39.461Z] : Time:         Sun Sep 25 2022 20:21:38 GMT+0530 (India Standard Time)
[debug] [2022-09-25T14:51:39.462Z] : ----------------------------------------------------------------------
[debug] [2022-09-25T14:51:39.463Z] : 
[debug] [2022-09-25T14:52:35.998Z] : > authorizing via signed-in user option
[debug] [2022-09-25T14:52:35.999Z] : > command requires scopes: ["ZohoCatalyst.projects.ALL","ZohoCatalyst.functions.ALL","ZohoCatalyst.functions.EXECUTE","ZohoCatalyst.webapp.ALL"]
[debug] [2022-09-25T14:52:36.220Z] : >>>> HTTP REQUEST : GET https://api.catalyst.zoho.com/baas/v1/project/10174000000017001 

[debug] [2022-09-25T14:52:38.577Z] : <<<< HTTP RESPONSE : 200
Response Headers: {"server":"ZGS","date":"Sun, 25 Sep 2022 14:50:37 GMT","content-type":"application/vnd.catalyst.v2+json","transfer-encoding":"chunked","connection":"close","set-cookie":["46512fd555=bbdfb771565421abbe10f7a180903d28; Path=/","ZD_CSRF_TOKEN=2db6c3b3-6eeb-4fb7-9ae9-3c6c23ec81b5;path=/;SameSite=None;Secure;priority=high","_zcsr_tmp=2db6c3b3-6eeb-4fb7-9ae9-3c6c23ec81b5;path=/;SameSite=Strict;Secure;priority=high"],"x-content-type-options":"nosniff","x-xss-protection":"1","pragma":"no-cache","cache-control":"private,no-cache,no-store,max-age=0,must-revalidate","expires":"Thu, 01 Jan 1970 00:00:00 GMT","x-frame-options":"DENY","strict-transport-security":"max-age=63072000"}

[debug] [2022-09-25T14:52:38.586Z] : >>>> HTTP REQUEST : GET https://api.catalyst.zoho.com/baas/v1/project/10174000000017001/environment 

[debug] [2022-09-25T14:52:39.596Z] : <<<< HTTP RESPONSE : 200
Response Headers: {"server":"ZGS","date":"Sun, 25 Sep 2022 14:50:38 GMT","content-type":"application/vnd.catalyst.v2+json","transfer-encoding":"chunked","connection":"close","set-cookie":["46512fd555=bbdfb771565421abbe10f7a180903d28; Path=/","ZD_CSRF_TOKEN=445539cc-5403-478b-bc1a-45bc42c22012;path=/;SameSite=None;Secure;priority=high","_zcsr_tmp=445539cc-5403-478b-bc1a-45bc42c22012;path=/;SameSite=Strict;Secure;priority=high"],"x-content-type-options":"nosniff","x-xss-protection":"1","pragma":"no-cache","cache-control":"private,no-cache,no-store,max-age=0,must-revalidate","expires":"Thu, 01 Jan 1970 00:00:00 GMT","x-frame-options":"DENY","strict-transport-security":"max-age=63072000"}

[debug] [2022-09-25T14:52:48.492Z] : >>>> HTTP REQUEST : GET https://api.catalyst.zoho.com/baas/v1/project/10174000000017001/function 
Query params: {"type":"basicio,event,cron,applogic,integration"}

[debug] [2022-09-25T14:52:49.552Z] : <<<< HTTP RESPONSE : 200
Response Headers: {"server":"ZGS","date":"Sun, 25 Sep 2022 14:50:48 GMT","content-type":"application/vnd.catalyst.v2+json","transfer-encoding":"chunked","connection":"close","set-cookie":["46512fd555=ba2a1b22f2a5e14b0d2647f7e38884fc; Path=/","ZD_CSRF_TOKEN=b514a653-039f-48dc-9252-31e561c88ba2;path=/;SameSite=None;Secure;priority=high","_zcsr_tmp=b514a653-039f-48dc-9252-31e561c88ba2;path=/;SameSite=Strict;Secure;priority=high"],"x-content-type-options":"nosniff","x-xss-protection":"1","pragma":"no-cache","cache-control":"private,no-cache,no-store,max-age=0,must-revalidate","expires":"Thu, 01 Jan 1970 00:00:00 GMT","x-frame-options":"DENY","strict-transport-security":"max-age=63072000"}

[debug] [2022-09-25T14:52:49.576Z] : unknown eol undefined hence skipping check
[info] [2022-09-25T14:52:50.114Z] : i server[zc_function]: URL : http://localhost:3000/server/zc_function/
[info] [2022-09-25T14:52:50.115Z] : 
[info] [2022-09-25T14:52:51.856Z] : i client[MyApp]: URL : http://localhost:3000/app/
[error] [2022-09-25T14:53:09.818Z] : × Unable to serve the requested file: C:\Users\Nice Day\Desktop\zoho catalyst\Learnify\client\30.png
[debug] [2022-09-25T14:53:09.819Z] : Error: ENOENT: no such file or directory, stat 'C:\Users\Nice Day\Desktop\zoho catalyst\Learnify\client\30.png'
[error] [2022-09-25T15:01:24.564Z] : × Unable to serve the requested file: C:\Users\Nice Day\Desktop\zoho catalyst\Learnify\client\30.png
[debug] [2022-09-25T15:01:24.565Z] : Error: ENOENT: no such file or directory, stat 'C:\Users\Nice Day\Desktop\zoho catalyst\Learnify\client\30.png'
[info] [2022-09-25T15:07:15.925Z] : Change(s) is detected in index.html of the Web-Client.
[error] [2022-09-25T15:07:18.228Z] : × Unable to serve the requested file: C:\Users\Nice Day\Desktop\zoho catalyst\Learnify\client\30.png
[debug] [2022-09-25T15:07:18.229Z] : Error: ENOENT: no such file or directory, stat 'C:\Users\Nice Day\Desktop\zoho catalyst\Learnify\client\30.png'
[error] [2022-09-25T15:18:13.425Z] : × Unable to serve the requested file: C:\Users\Nice Day\Desktop\zoho catalyst\Learnify\client\30.png
[debug] [2022-09-25T15:18:13.426Z] : Error: ENOENT: no such file or directory, stat 'C:\Users\Nice Day\Desktop\zoho catalyst\Learnify\client\30.png'
[error] [2022-09-25T15:18:26.171Z] : × Unable to serve the requested file: C:\Users\Nice Day\Desktop\zoho catalyst\Learnify\client\30.png
[debug] [2022-09-25T15:18:26.173Z] : Error: ENOENT: no such file or directory, stat 'C:\Users\Nice Day\Desktop\zoho catalyst\Learnify\client\30.png'
[error] [2022-09-25T15:18:35.325Z] : × Unable to serve the requested file: C:\Users\Nice Day\Desktop\zoho catalyst\Learnify\client\30.png
[debug] [2022-09-25T15:18:35.326Z] : Error: ENOENT: no such file or directory, stat 'C:\Users\Nice Day\Desktop\zoho catalyst\Learnify\client\30.png'
[error] [2022-09-25T15:18:47.985Z] : × Unable to serve the requested file: C:\Users\Nice Day\Desktop\zoho catalyst\Learnify\client\30.png
[debug] [2022-09-25T15:18:47.985Z] : Error: ENOENT: no such file or directory, stat 'C:\Users\Nice Day\Desktop\zoho catalyst\Learnify\client\30.png'
[debug] [2022-09-25T15:39:11.338Z] : > refreshing access token <
[debug] [2022-09-25T15:39:11.373Z] : >>>> HTTP REQUEST : POST https://accounts.zoho.com/oauth/v2/token 
<request body omitted>

[debug] [2022-09-25T15:39:12.689Z] : <<<< HTTP RESPONSE : 200
Response Headers: {"server":"ZGS","date":"Sun, 25 Sep 2022 15:37:11 GMT","content-type":"application/json;charset=UTF-8","content-length":"169","connection":"close","set-cookie":["b266a5bf57=a711b6da0e6cbadb5e254290f114a026; Path=/","iamcsr=0f697dcc-ba60-4ca9-978d-859322d4888c;path=/;SameSite=None;Secure;priority=high","_zcsr_tmp=0f697dcc-ba60-4ca9-978d-859322d4888c;path=/;SameSite=Strict;Secure;priority=high"],"x-content-type-options":"nosniff","x-xss-protection":"1","x-frame-options":"SAMEORIGIN","content-language":"en-US","strict-transport-security":"max-age=63072000"}

[error] [2022-09-25T15:39:13.173Z] : × Unable to serve the requested file: C:\Users\Nice Day\Desktop\zoho catalyst\Learnify\client\30.png
[debug] [2022-09-25T15:39:13.174Z] : Error: ENOENT: no such file or directory, stat 'C:\Users\Nice Day\Desktop\zoho catalyst\Learnify\client\30.png'
[error] [2022-09-25T15:40:21.222Z] : × Unable to serve the requested file: C:\Users\Nice Day\Desktop\zoho catalyst\Learnify\client\30.png
[debug] [2022-09-25T15:40:21.223Z] : Error: ENOENT: no such file or directory, stat 'C:\Users\Nice Day\Desktop\zoho catalyst\Learnify\client\30.png'
[error] [2022-09-25T15:40:29.981Z] : × Unable to serve the requested file: C:\Users\Nice Day\Desktop\zoho catalyst\Learnify\client\30.png
[debug] [2022-09-25T15:40:29.982Z] : Error: ENOENT: no such file or directory, stat 'C:\Users\Nice Day\Desktop\zoho catalyst\Learnify\client\30.png'
[error] [2022-09-25T15:40:34.446Z] : × Unable to serve the requested file: C:\Users\Nice Day\Desktop\zoho catalyst\Learnify\client\30.png
[debug] [2022-09-25T15:40:34.447Z] : Error: ENOENT: no such file or directory, stat 'C:\Users\Nice Day\Desktop\zoho catalyst\Learnify\client\30.png'
[error] [2022-09-25T15:40:39.440Z] : × Unable to serve the requested file: C:\Users\Nice Day\Desktop\zoho catalyst\Learnify\client\30.png
[debug] [2022-09-25T15:40:39.441Z] : Error: ENOENT: no such file or directory, stat 'C:\Users\Nice Day\Desktop\zoho catalyst\Learnify\client\30.png'
[error] [2022-09-25T15:40:44.197Z] : × Unable to serve the requested file: C:\Users\Nice Day\Desktop\zoho catalyst\Learnify\client\30.png
[debug] [2022-09-25T15:40:44.197Z] : Error: ENOENT: no such file or directory, stat 'C:\Users\Nice Day\Desktop\zoho catalyst\Learnify\client\30.png'
[error] [2022-09-25T15:40:46.726Z] : × Unable to serve the requested file: C:\Users\Nice Day\Desktop\zoho catalyst\Learnify\client\30.png
[debug] [2022-09-25T15:40:46.727Z] : Error: ENOENT: no such file or directory, stat 'C:\Users\Nice Day\Desktop\zoho catalyst\Learnify\client\30.png'
[error] [2022-09-25T15:40:54.080Z] : × Unable to serve the requested file: C:\Users\Nice Day\Desktop\zoho catalyst\Learnify\client\30.png
[debug] [2022-09-25T15:40:54.081Z] : Error: ENOENT: no such file or directory, stat 'C:\Users\Nice Day\Desktop\zoho catalyst\Learnify\client\30.png'
[error] [2022-09-25T15:41:09.153Z] : × Unable to serve the requested file: C:\Users\Nice Day\Desktop\zoho catalyst\Learnify\client\30.png
[debug] [2022-09-25T15:41:09.154Z] : Error: ENOENT: no such file or directory, stat 'C:\Users\Nice Day\Desktop\zoho catalyst\Learnify\client\30.png'
[error] [2022-09-25T15:41:17.734Z] : × Unable to serve the requested file: C:\Users\Nice Day\Desktop\zoho catalyst\Learnify\client\30.png
[debug] [2022-09-25T15:41:17.734Z] : Error: ENOENT: no such file or directory, stat 'C:\Users\Nice Day\Desktop\zoho catalyst\Learnify\client\30.png'
[error] [2022-09-25T15:41:21.092Z] : × Unable to serve the requested file: C:\Users\Nice Day\Desktop\zoho catalyst\Learnify\client\30.png
[debug] [2022-09-25T15:41:21.093Z] : Error: ENOENT: no such file or directory, stat 'C:\Users\Nice Day\Desktop\zoho catalyst\Learnify\client\30.png'
[error] [2022-09-25T15:41:27.762Z] : × Unable to serve the requested file: C:\Users\Nice Day\Desktop\zoho catalyst\Learnify\client\30.png
[debug] [2022-09-25T15:41:27.762Z] : Error: ENOENT: no such file or directory, stat 'C:\Users\Nice Day\Desktop\zoho catalyst\Learnify\client\30.png'
[error] [2022-09-25T15:41:30.384Z] : × Unable to serve the requested file: C:\Users\Nice Day\Desktop\zoho catalyst\Learnify\client\30.png
[debug] [2022-09-25T15:41:30.385Z] : Error: ENOENT: no such file or directory, stat 'C:\Users\Nice Day\Desktop\zoho catalyst\Learnify\client\30.png'
[error] [2022-09-25T15:42:54.009Z] : × Unable to serve the requested file: C:\Users\Nice Day\Desktop\zoho catalyst\Learnify\client\30.png
[debug] [2022-09-25T15:42:54.010Z] : Error: ENOENT: no such file or directory, stat 'C:\Users\Nice Day\Desktop\zoho catalyst\Learnify\client\30.png'
[error] [2022-09-25T15:44:43.890Z] : × Unable to serve the requested file: C:\Users\Nice Day\Desktop\zoho catalyst\Learnify\client\30.png
[debug] [2022-09-25T15:44:43.891Z] : Error: ENOENT: no such file or directory, stat 'C:\Users\Nice Day\Desktop\zoho catalyst\Learnify\client\30.png'
[error] [2022-09-25T15:46:13.902Z] : × Unable to serve the requested file: C:\Users\Nice Day\Desktop\zoho catalyst\Learnify\client\30.png
[debug] [2022-09-25T15:46:13.902Z] : Error: ENOENT: no such file or directory, stat 'C:\Users\Nice Day\Desktop\zoho catalyst\Learnify\client\30.png'
[error] [2022-09-25T15:46:22.540Z] : × Unable to serve the requested file: C:\Users\Nice Day\Desktop\zoho catalyst\Learnify\client\30.png
[debug] [2022-09-25T15:46:22.540Z] : Error: ENOENT: no such file or directory, stat 'C:\Users\Nice Day\Desktop\zoho catalyst\Learnify\client\30.png'
[error] [2022-09-25T15:46:28.620Z] : × Unable to serve the requested file: C:\Users\Nice Day\Desktop\zoho catalyst\Learnify\client\30.png
[debug] [2022-09-25T15:46:28.642Z] : Error: ENOENT: no such file or directory, stat 'C:\Users\Nice Day\Desktop\zoho catalyst\Learnify\client\30.png'
[error] [2022-09-25T15:46:35.607Z] : × Unable to serve the requested file: C:\Users\Nice Day\Desktop\zoho catalyst\Learnify\client\30.png
[debug] [2022-09-25T15:46:35.608Z] : Error: ENOENT: no such file or directory, stat 'C:\Users\Nice Day\Desktop\zoho catalyst\Learnify\client\30.png'
[error] [2022-09-25T15:46:40.738Z] : × Unable to serve the requested file: C:\Users\Nice Day\Desktop\zoho catalyst\Learnify\client\30.png
[debug] [2022-09-25T15:46:40.738Z] : Error: ENOENT: no such file or directory, stat 'C:\Users\Nice Day\Desktop\zoho catalyst\Learnify\client\30.png'
[error] [2022-09-25T15:46:42.700Z] : × Unable to serve the requested file: C:\Users\Nice Day\Desktop\zoho catalyst\Learnify\client\30.png
[debug] [2022-09-25T15:46:42.701Z] : Error: ENOENT: no such file or directory, stat 'C:\Users\Nice Day\Desktop\zoho catalyst\Learnify\client\30.png'
[error] [2022-09-25T15:46:50.421Z] : × Unable to serve the requested file: C:\Users\Nice Day\Desktop\zoho catalyst\Learnify\client\30.png
[debug] [2022-09-25T15:46:50.422Z] : Error: ENOENT: no such file or directory, stat 'C:\Users\Nice Day\Desktop\zoho catalyst\Learnify\client\30.png'
[error] [2022-09-25T15:46:56.623Z] : × Unable to serve the requested file: C:\Users\Nice Day\Desktop\zoho catalyst\Learnify\client\30.png
[debug] [2022-09-25T15:46:56.626Z] : Error: ENOENT: no such file or directory, stat 'C:\Users\Nice Day\Desktop\zoho catalyst\Learnify\client\30.png'
[error] [2022-09-25T15:47:04.249Z] : × Unable to serve the requested file: C:\Users\Nice Day\Desktop\zoho catalyst\Learnify\client\30.png
[debug] [2022-09-25T15:47:04.250Z] : Error: ENOENT: no such file or directory, stat 'C:\Users\Nice Day\Desktop\zoho catalyst\Learnify\client\30.png'
[error] [2022-09-25T15:47:06.295Z] : × Unable to serve the requested file: C:\Users\Nice Day\Desktop\zoho catalyst\Learnify\client\30.png
[debug] [2022-09-25T15:47:06.296Z] : Error: ENOENT: no such file or directory, stat 'C:\Users\Nice Day\Desktop\zoho catalyst\Learnify\client\30.png'
